\BOOKMARK [1][-]{section.1}{\376\377\000I\000n\000t\000r\000o\000d\000u\000c\000t\000i\000o\000n}{}% 1
\BOOKMARK [2][-]{subsection.1.1}{\376\377\000R\000e\000l\000a\000t\000e\000d\000\040\000W\000o\000r\000k}{section.1}% 2
\BOOKMARK [1][-]{section.2}{\376\377\000T\000h\000e\000\040\000V\000o\000n\000\040\000M\000i\000s\000e\000s\000\040\000F\000a\000m\000i\000l\000y\000\040\000a\000n\000d\000\040\000F\000i\000s\000h\000e\000r\000\040\000I\000n\000f\000o\000r\000m\000a\000t\000i\000o\000n\000\040\000o\000n\000\040\000t\000h\000e\000\040\000C\000i\000r\000c\000l\000e}{}% 3
\BOOKMARK [2][-]{subsection.2.1}{\376\377\000T\000h\000e\000\040\000V\000o\000n\000\040\000M\000i\000s\000e\000s\000\040\000D\000i\000s\000t\000r\000i\000b\000u\000t\000i\000o\000n}{section.2}% 4
\BOOKMARK [2][-]{subsection.2.2}{\376\377\000F\000i\000s\000h\000e\000r\000\040\000I\000n\000f\000o\000r\000m\000a\000t\000i\000o\000n\000\040\000o\000n\000\040\000t\000h\000e\000\040\000C\000i\000r\000c\000l\000e}{section.2}% 5
\BOOKMARK [2][-]{subsection.2.3}{\376\377\000W\000i\000n\000d\000o\000w\000\040\000P\000r\000o\000b\000a\000b\000i\000l\000i\000t\000y}{section.2}% 6
\BOOKMARK [2][-]{subsection.2.4}{\376\377\000E\000x\000p\000l\000i\000c\000i\000t\000\040\000C\000o\000m\000p\000u\000t\000a\000t\000i\000o\000n\000\040\000o\000f\000\040\000p\0001}{section.2}% 7
\BOOKMARK [1][-]{section.3}{\376\377\000P\000r\000o\000d\000u\000c\000t\000\040\000M\000a\000n\000i\000f\000o\000l\000d\000s\000\040\000a\000n\000d\000\040\000A\000l\000i\000g\000n\000m\000e\000n\000t\000\040\000G\000e\000o\000m\000e\000t\000r\000y}{}% 8
\BOOKMARK [2][-]{subsection.3.1}{\376\377\000T\000h\000e\000\040\000M\000-\000T\000o\000r\000u\000s\000\040\000a\000s\000\040\000P\000r\000o\000d\000u\000c\000t\000\040\000M\000a\000n\000i\000f\000o\000l\000d}{section.3}% 9
\BOOKMARK [2][-]{subsection.3.2}{\376\377\000T\000h\000e\000\040\000A\000l\000i\000g\000n\000m\000e\000n\000t\000\040\000R\000e\000g\000i\000o\000n}{section.3}% 10
\BOOKMARK [2][-]{subsection.3.3}{\376\377\000Q\000u\000o\000t\000i\000e\000n\000t\000\040\000G\000e\000o\000m\000e\000t\000r\000y}{section.3}% 11
\BOOKMARK [3][-]{subsubsection.3.3.1}{\376\377\000F\000o\000r\000m\000a\000l\000\040\000S\000t\000r\000u\000c\000t\000u\000r\000e}{subsection.3.3}% 12
\BOOKMARK [3][-]{subsubsection.3.3.2}{\376\377\000C\000o\000o\000r\000d\000i\000n\000a\000t\000e\000s\000\040\000o\000n\000\040\000t\000h\000e\000\040\000Q\000u\000o\000t\000i\000e\000n\000t}{subsection.3.3}% 13
\BOOKMARK [3][-]{subsubsection.3.3.3}{\376\377\000T\000h\000e\000\040\000C\000o\000d\000i\000m\000e\000n\000s\000i\000o\000n\000\040\000A\000r\000g\000u\000m\000e\000n\000t}{subsection.3.3}% 14
\BOOKMARK [1][-]{section.4}{\376\377\000M\000a\000i\000n\000\040\000R\000e\000s\000u\000l\000t\000:\000\040\000T\000h\000e\000\040\000\050\000M\000-\0001\000\051\000\040\000E\000x\000p\000o\000n\000e\000n\000t}{}% 15
\BOOKMARK [1][-]{section.5}{\376\377\000F\000i\000s\000h\000e\000r\000\040\000I\000n\000f\000o\000r\000m\000a\000t\000i\000o\000n\000\040\000C\000h\000a\000r\000a\000c\000t\000e\000r\000i\000z\000a\000t\000i\000o\000n}{}% 16
\BOOKMARK [2][-]{subsection.5.1}{\376\377\000W\000i\000n\000d\000o\000w\000\040\000P\000r\000o\000b\000a\000b\000i\000l\000i\000t\000y\000\040\000a\000n\000d\000\040\000C\000o\000n\000c\000e\000n\000t\000r\000a\000t\000i\000o\000n}{section.5}% 17
\BOOKMARK [2][-]{subsection.5.2}{\376\377\000C\000o\000n\000n\000e\000c\000t\000i\000o\000n\000\040\000t\000o\000\040\000F\000i\000s\000h\000e\000r\000\040\000I\000n\000f\000o\000r\000m\000a\000t\000i\000o\000n}{section.5}% 18
\BOOKMARK [1][-]{section.6}{\376\377\000B\000e\000y\000o\000n\000d\000\040\000I\000n\000d\000e\000p\000e\000n\000d\000e\000n\000c\000e\000:\000\040\000W\000e\000a\000k\000\040\000C\000o\000u\000p\000l\000i\000n\000g\000\040\000a\000n\000d\000\040\000t\000h\000e\000\040\000\040\000P\000a\000r\000a\000m\000e\000t\000e\000r}{}% 19
\BOOKMARK [2][-]{subsection.6.1}{\376\377\000T\000h\000e\000\040\000K\000u\000r\000a\000m\000o\000t\000o\000\040\000M\000o\000d\000e\000l\000\040\000a\000s\000\040\000S\000t\000a\000t\000i\000s\000t\000i\000c\000a\000l\000\040\000M\000o\000d\000e\000l}{section.6}% 20
\BOOKMARK [2][-]{subsection.6.2}{\376\377\000M\000o\000d\000u\000l\000a\000r\000\040\000D\000e\000c\000o\000m\000p\000o\000s\000i\000t\000i\000o\000n}{section.6}% 21
\BOOKMARK [2][-]{subsection.6.3}{\376\377\000E\000f\000f\000e\000c\000t\000i\000v\000e\000\040\000D\000i\000s\000t\000r\000i\000b\000u\000t\000i\000o\000n\000\040\000o\000n\000\040\000M\000o\000d\000u\000l\000e\000\040\000P\000h\000a\000s\000e\000s}{section.6}% 22
\BOOKMARK [2][-]{subsection.6.4}{\376\377\000P\000e\000r\000t\000u\000r\000b\000a\000t\000i\000v\000e\000\040\000E\000x\000p\000a\000n\000s\000i\000o\000n}{section.6}% 23
\BOOKMARK [2][-]{subsection.6.5}{\376\377\000T\000o\000p\000o\000l\000o\000g\000y\000\040\000D\000e\000p\000e\000n\000d\000e\000n\000c\000e\000\040\000o\000f\000\040}{section.6}% 24
\BOOKMARK [2][-]{subsection.6.6}{\376\377\000I\000n\000f\000o\000r\000m\000a\000t\000i\000o\000n\000-\000G\000e\000o\000m\000e\000t\000r\000i\000c\000\040\000I\000n\000t\000e\000r\000p\000r\000e\000t\000a\000t\000i\000o\000n}{section.6}% 25
\BOOKMARK [1][-]{section.7}{\376\377\000N\000u\000m\000e\000r\000i\000c\000a\000l\000\040\000V\000a\000l\000i\000d\000a\000t\000i\000o\000n}{}% 26
\BOOKMARK [2][-]{subsection.7.1}{\376\377\000S\000e\000t\000u\000p}{section.7}% 27
\BOOKMARK [2][-]{subsection.7.2}{\376\377\000R\000e\000s\000u\000l\000t\000s}{section.7}% 28
\BOOKMARK [1][-]{section.8}{\376\377\000W\000o\000r\000k\000e\000d\000\040\000E\000x\000a\000m\000p\000l\000e\000s}{}% 29
\BOOKMARK [2][-]{subsection.8.1}{\376\377\000E\000x\000a\000m\000p\000l\000e\000\040\0001\000:\000\040\000U\000n\000i\000f\000o\000r\000m\000\040\000P\000h\000a\000s\000e\000s\000\040\000\050\000D\000i\000f\000f\000u\000s\000i\000v\000e\000\040\000L\000i\000m\000i\000t\000\051}{section.8}% 30
\BOOKMARK [2][-]{subsection.8.2}{\376\377\000E\000x\000a\000m\000p\000l\000e\000\040\0002\000:\000\040\000M\000o\000d\000e\000r\000a\000t\000e\000\040\000C\000o\000n\000c\000e\000n\000t\000r\000a\000t\000i\000o\000n\000\040\000\050\000N\000e\000u\000r\000a\000l\000\040\000O\000s\000c\000i\000l\000l\000a\000t\000o\000r\000s\000\051}{section.8}% 31
\BOOKMARK [2][-]{subsection.8.3}{\376\377\000E\000x\000a\000m\000p\000l\000e\000\040\0003\000:\000\040\000H\000i\000g\000h\000\040\000C\000o\000n\000c\000e\000n\000t\000r\000a\000t\000i\000o\000n\000\040\000w\000i\000t\000h\000\040\000C\000o\000u\000p\000l\000i\000n\000g\000\040\000C\000o\000r\000r\000e\000c\000t\000i\000o\000n}{section.8}% 32
\BOOKMARK [2][-]{subsection.8.4}{\376\377\000S\000c\000a\000l\000i\000n\000g\000\040\000S\000u\000m\000m\000a\000r\000y}{section.8}% 33
\BOOKMARK [1][-]{section.9}{\376\377\000D\000i\000s\000c\000u\000s\000s\000i\000o\000n}{}% 34
\BOOKMARK [2][-]{subsection.9.1}{\376\377\000S\000u\000m\000m\000a\000r\000y\000\040\000o\000f\000\040\000C\000o\000n\000t\000r\000i\000b\000u\000t\000i\000o\000n\000s}{section.9}% 35
\BOOKMARK [2][-]{subsection.9.2}{\376\377\000A\000p\000p\000l\000i\000c\000a\000t\000i\000o\000n\000s}{section.9}% 36
\BOOKMARK [2][-]{subsection.9.3}{\376\377\000R\000e\000l\000a\000t\000i\000o\000n\000\040\000t\000o\000\040\000C\000o\000m\000p\000a\000n\000i\000o\000n\000\040\000W\000o\000r\000k}{section.9}% 37
\BOOKMARK [2][-]{subsection.9.4}{\376\377\000L\000i\000m\000i\000t\000a\000t\000i\000o\000n\000s\000\040\000a\000n\000d\000\040\000E\000x\000t\000e\000n\000s\000i\000o\000n\000s}{section.9}% 38
\BOOKMARK [1][-]{section.10}{\376\377\000C\000o\000n\000c\000l\000u\000s\000i\000o\000n}{}% 39
